<?xml version="1.0" encoding="UTF-8"?>
<testsuites name="jest tests" tests="2" failures="0" errors="0" time="0.451">
  <testsuite name="src/domain/manga/use-cases/__tests__/use-get-chapter-pages.test.ts" errors="0" failures="0" skipped="0" timestamp="2025-11-27T18:00:59" time="0.315" tests="2">
    <testcase classname="useGetChapterPages()" name="should return the chapter pages" time="0.058">
    </testcase>
    <testcase classname="useGetChapterPages()" name="should return an error if the request fails" time="0.054">
    </testcase>
  </testsuite>
</testsuites>